Step	Chain	Shake	Chi	Rama	Excluded	DSSP	P_AP	Water	Burial	Helix	AMH-Go	Frag_Mem	SSB	VTotal
0 	22.464974	0.000000	49.821675	-407.063260	0.000000	0.000000	0.000000	0.000000	0.000000	0.000000	-3205.572156	0.000000	0.000000	-3540.348767
1000 	43.812420	0.000000	20.753952	-537.844227	0.000000	0.000000	0.000000	0.000000	0.000000	0.000000	-3117.321461	0.000000	0.000000	-3590.599315
2000 	55.517574	0.000000	15.596997	-537.811930	0.000000	0.000000	0.000000	0.000000	0.000000	0.000000	-2761.794272	0.000000	0.000000	-3228.491630
3000 	83.044819	0.000000	20.875806	-521.732257	0.000000	0.000000	0.000000	0.000000	0.000000	0.000000	-2949.327868	0.000000	0.000000	-3367.139500
4000 	109.545659	0.000000	24.956798	-518.107320	0.000000	0.000000	0.000000	0.000000	0.000000	0.000000	-2516.171923	0.000000	0.000000	-2899.776786
5000 	204.447368	0.000000	25.399211	-515.381096	0.000000	0.000000	0.000000	0.000000	0.000000	0.000000	-2450.377667	0.000000	0.000000	-2735.912183
6000 	97.813214	0.000000	24.385427	-477.229263	0.000000	0.000000	0.000000	0.000000	0.000000	0.000000	-2442.890548	0.000000	0.000000	-2797.921171
7000 	69.005705	0.000000	26.603986	-468.969993	0.000000	0.000000	0.000000	0.000000	0.000000	0.000000	-1907.267632	0.000000	0.000000	-2280.627934
8000 	63.042045	0.000000	27.535968	-476.824680	0.000000	0.000000	0.000000	0.000000	0.000000	0.000000	-1695.040543	0.000000	0.000000	-2081.287210
9000 	57.485541	0.000000	16.692542	-495.268359	0.000000	0.000000	0.000000	0.000000	0.000000	0.000000	-1565.571424	0.000000	0.000000	-1986.661701
10000 	61.688837	0.000000	16.523029	-499.200317	0.000000	0.000000	0.000000	0.000000	0.000000	0.000000	-1768.097013	0.000000	0.000000	-2189.085465
11000 	74.371131	0.000000	18.022879	-504.771897	0.000000	0.000000	0.000000	0.000000	0.000000	0.000000	-1813.347556	0.000000	0.000000	-2225.725443
12000 	98.241527	0.000000	12.857653	-467.685933	0.000000	0.000000	0.000000	0.000000	0.000000	0.000000	-1878.222136	0.000000	0.000000	-2234.808888
13000 	164.139518	0.000000	20.468176	-433.826407	0.000000	0.000000	0.000000	0.000000	0.000000	0.000000	-2011.821828	0.000000	0.000000	-2261.040541
14000 	124.287161	0.000000	14.615145	-420.448150	0.000000	0.000000	0.000000	0.000000	0.000000	0.000000	-1333.798319	0.000000	0.000000	-1615.344163
15000 	145.703661	0.000000	17.452138	-403.561177	0.000000	0.000000	0.000000	0.000000	0.000000	0.000000	-1354.028820	0.000000	0.000000	-1594.434199
16000 	46.090390	0.000000	16.151072	-449.314079	0.000000	0.000000	0.000000	0.000000	0.000000	0.000000	-1129.205699	0.000000	0.000000	-1516.278315
17000 	44.528075	0.000000	14.660598	-437.662375	0.000000	0.000000	0.000000	0.000000	0.000000	0.000000	-935.278543	0.000000	0.000000	-1313.752245
18000 	53.831709	0.000000	19.730926	-435.188439	0.000000	0.000000	0.000000	0.000000	0.000000	0.000000	-980.060369	0.000000	0.000000	-1341.686172
19000 	47.683290	0.000000	18.003747	-449.476965	0.000000	0.000000	0.000000	0.000000	0.000000	0.000000	-963.106153	0.000000	0.000000	-1346.896082
20000 	63.608671	0.000000	15.318718	-436.875803	0.000000	0.000000	0.000000	0.000000	0.000000	0.000000	-1182.315047	0.000000	0.000000	-1540.263461
21000 	63.201035	0.000000	12.808464	-412.392717	0.000000	0.000000	0.000000	0.000000	0.000000	0.000000	-1146.240536	0.000000	0.000000	-1482.623753
22000 	74.855725	0.000000	14.543310	-400.266968	0.000000	0.000000	0.000000	0.000000	0.000000	0.000000	-1135.181443	0.000000	0.000000	-1446.049377
23000 	48.001676	0.000000	13.710070	-428.319320	0.000000	0.000000	0.000000	0.000000	0.000000	0.000000	-771.691062	0.000000	0.000000	-1138.298637
24000 	56.874389	0.000000	10.718177	-418.797024	0.000000	0.000000	0.000000	0.000000	0.000000	0.000000	-915.533237	0.000000	0.000000	-1266.737695
25000 	63.354076	0.000000	10.072581	-408.839643	0.000000	0.000000	0.000000	0.000000	0.000000	0.000000	-748.140624	0.000000	0.000000	-1083.553610
26000 	68.386618	0.000000	15.630433	-385.493336	0.000000	0.000000	0.000000	0.000000	0.000000	0.000000	-848.935056	0.000000	0.000000	-1150.411341
27000 	61.720974	0.000000	19.728824	-395.970443	0.000000	0.000000	0.000000	0.000000	0.000000	0.000000	-790.160667	0.000000	0.000000	-1104.681312
28000 	60.457928	0.000000	16.609574	-361.273079	0.000000	0.000000	0.000000	0.000000	0.000000	0.000000	-960.219290	0.000000	0.000000	-1244.424867
29000 	72.475301	0.000000	10.708799	-345.666309	0.000000	0.000000	0.000000	0.000000	0.000000	0.000000	-692.996701	0.000000	0.000000	-955.478910
30000 	85.694051	0.000000	13.025336	-329.053143	0.000000	0.000000	0.000000	0.000000	0.000000	0.000000	-860.440955	0.000000	0.000000	-1090.774711
31000 	104.711526	0.000000	11.122886	-323.667878	0.000000	0.000000	0.000000	0.000000	0.000000	0.000000	-609.992706	0.000000	0.000000	-817.826172
32000 	56.967668	0.000000	8.012380	-320.775168	0.000000	0.000000	0.000000	0.000000	0.000000	0.000000	-533.330248	0.000000	0.000000	-789.125368
33000 	76.071367	0.000000	10.316795	-328.266176	0.000000	0.000000	0.000000	0.000000	0.000000	0.000000	-555.448897	0.000000	0.000000	-797.326911
34000 	101.519370	0.000000	11.465884	-303.937617	0.000000	0.000000	0.000000	0.000000	0.000000	0.000000	-683.083694	0.000000	0.000000	-874.036057
35000 	128.258421	0.000000	12.396193	-291.997924	0.000000	0.000000	0.000000	0.000000	0.000000	0.000000	-479.008885	0.000000	0.000000	-630.352196
36000 	128.831729	0.000000	12.023777	-260.016884	0.000000	0.000000	0.000000	0.000000	0.000000	0.000000	-573.244538	0.000000	0.000000	-692.405916
37000 	196.603956	0.000000	14.110080	-263.269865	0.000000	0.000000	0.000000	0.000000	0.000000	0.000000	-544.558938	0.000000	0.000000	-597.114767
38000 	186.362557	0.000000	9.179770	-228.474527	0.000000	0.000000	0.000000	0.000000	0.000000	0.000000	-397.130903	0.000000	0.000000	-430.063103
39000 	227.958522	0.000000	10.771662	-192.611439	0.000000	0.000000	0.000000	0.000000	0.000000	0.000000	-391.020229	0.000000	0.000000	-344.901484
40000 	272.587135	0.000000	6.734537	-169.530377	0.000000	0.000000	0.000000	0.000000	0.000000	0.000000	-335.172888	0.000000	0.000000	-225.381593
41000 	219.089651	0.000000	16.997466	-186.358355	0.000000	0.000000	0.000000	0.000000	0.000000	0.000000	-399.698193	0.000000	0.000000	-349.969431
42000 	80.459952	0.000000	9.888039	-211.519072	0.000000	0.000000	0.000000	0.000000	0.000000	0.000000	0.000000	0.000000	0.000000	-121.171081
43000 	101.296502	0.000000	6.354998	-179.616763	0.000000	0.000000	0.000000	0.000000	0.000000	0.000000	0.000000	0.000000	0.000000	-71.965263
44000 	118.391369	0.000000	10.912180	-175.958447	0.000000	0.000000	0.000000	0.000000	0.000000	0.000000	0.000000	0.000000	0.000000	-46.654899
45000 	175.789950	0.000000	7.062214	-170.922857	0.000000	0.000000	0.000000	0.000000	0.000000	0.000000	0.000000	0.000000	0.000000	11.929307
46000 	188.032318	0.000000	14.327283	-160.719849	0.000000	0.000000	0.000000	0.000000	0.000000	0.000000	0.000000	0.000000	0.000000	41.639753
47000 	218.221945	0.000000	5.747033	-109.625708	0.000000	0.000000	0.000000	0.000000	0.000000	0.000000	0.000000	0.000000	0.000000	114.343270
48000 	268.938393	0.000000	6.833746	-87.298586	0.000000	0.000000	0.000000	0.000000	0.000000	0.000000	0.000000	0.000000	0.000000	188.473554
49000 	314.524184	0.000000	11.447189	-38.686763	0.000000	0.000000	0.000000	0.000000	0.000000	0.000000	0.000000	0.000000	0.000000	287.284610
50000 	371.859406	0.000000	7.565003	-48.083936	0.000000	0.000000	0.000000	0.000000	0.000000	0.000000	0.000000	0.000000	0.000000	331.340473
